# JRE version: Java(TM) SE Runtime Environment (8.0_321-b07) (build 1.8.0_321-b07)
# Java VM: Java HotSpot(TM) 64-Bit Server VM (25.321-b07 mixed mode windows-amd64 compressed oops)
Heap:
 PSYoungGen      total 140800K, used 15695K [0x00000000f5580000, 0x0000000100000000, 0x0000000100000000)
  eden space 130048K, 12% used [0x00000000f5580000,0x00000000f64d3cb0,0x00000000fd480000)
  from space 10752K, 0% used [0x00000000fd480000,0x00000000fd480000,0x00000000fdf00000)
  to   space 14336K, 0% used [0x00000000ff200000,0x00000000ff200000,0x0000000100000000)
 ParOldGen       total 203264K, used 14792K [0x00000000e0000000, 0x00000000ec680000, 0x00000000f5580000)
  object space 203264K, 7% used [0x00000000e0000000,0x00000000e0e72190,0x00000000ec680000)
 Metaspace       used 35656K, capacity 37452K, committed 37760K, reserved 1081344K
  class space    used 5282K, capacity 5654K, committed 5760K, reserved 1048576K
GC Heap History (10 events):
Event: 25.681 GC heap before
{Heap before GC invocations=3 (full 0):
 PSYoungGen      total 139776K, used 109981K [0x00000000f5580000, 0x00000000fe980000, 0x0000000100000000)
  eden space 130048K, 77% used [0x00000000f5580000,0x00000000fb7e2f70,0x00000000fd480000)
  from space 9728K, 94% used [0x00000000fe000000,0x00000000fe9046f8,0x00000000fe980000)
  to   space 10752K, 0% used [0x00000000fd480000,0x00000000fd480000,0x00000000fdf00000)
 ParOldGen       total 175104K, used 24K [0x00000000e0000000, 0x00000000eab00000, 0x00000000f5580000)
  object space 175104K, 0% used [0x00000000e0000000,0x00000000e0006000,0x00000000eab00000)
 Metaspace       used 20331K, capacity 21116K, committed 21296K, reserved 1067008K
  class space    used 2979K, capacity 3186K, committed 3200K, reserved 1048576K
Event: 25.721 GC heap after
Heap after GC invocations=3 (full 0):
 PSYoungGen      total 140800K, used 10731K [0x00000000f5580000, 0x00000000fe980000, 0x0000000100000000)
  eden space 130048K, 0% used [0x00000000f5580000,0x00000000f5580000,0x00000000fd480000)
  from space 10752K, 99% used [0x00000000fd480000,0x00000000fdefae88,0x00000000fdf00000)
  to   space 10752K, 0% used [0x00000000fdf00000,0x00000000fdf00000,0x00000000fe980000)
 ParOldGen       total 175104K, used 2483K [0x00000000e0000000, 0x00000000eab00000, 0x00000000f5580000)
  object space 175104K, 1% used [0x00000000e0000000,0x00000000e026cf40,0x00000000eab00000)
 Metaspace       used 20331K, capacity 21116K, committed 21296K, reserved 1067008K
  class space    used 2979K, capacity 3186K, committed 3200K, reserved 1048576K
}
Event: 25.721 GC heap before
{Heap before GC invocations=4 (full 1):
 PSYoungGen      total 140800K, used 10731K [0x00000000f5580000, 0x00000000fe980000, 0x0000000100000000)
  eden space 130048K, 0% used [0x00000000f5580000,0x00000000f5580000,0x00000000fd480000)
  from space 10752K, 99% used [0x00000000fd480000,0x00000000fdefae88,0x00000000fdf00000)
  to   space 10752K, 0% used [0x00000000fdf00000,0x00000000fdf00000,0x00000000fe980000)
 ParOldGen       total 175104K, used 2483K [0x00000000e0000000, 0x00000000eab00000, 0x00000000f5580000)
  object space 175104K, 1% used [0x00000000e0000000,0x00000000e026cf40,0x00000000eab00000)
 Metaspace       used 20331K, capacity 21116K, committed 21296K, reserved 1067008K
  class space    used 2979K, capacity 3186K, committed 3200K, reserved 1048576K
Event: 26.220 GC heap after
Heap after GC invocations=4 (full 1):
 PSYoungGen      total 140800K, used 0K [0x00000000f5580000, 0x00000000fe980000, 0x0000000100000000)
  eden space 130048K, 0% used [0x00000000f5580000,0x00000000f5580000,0x00000000fd480000)
  from space 10752K, 0% used [0x00000000fd480000,0x00000000fd480000,0x00000000fdf00000)
  to   space 10752K, 0% used [0x00000000fdf00000,0x00000000fdf00000,0x00000000fe980000)
 ParOldGen       total 175104K, used 12792K [0x00000000e0000000, 0x00000000eab00000, 0x00000000f5580000)
  object space 175104K, 7% used [0x00000000e0000000,0x00000000e0c7e030,0x00000000eab00000)
 Metaspace       used 20331K, capacity 21116K, committed 21296K, reserved 1067008K
  class space    used 2979K, capacity 3186K, committed 3200K, reserved 1048576K
}
Event: 46.540 GC heap before
{Heap before GC invocations=5 (full 1):
 PSYoungGen      total 140800K, used 130048K [0x00000000f5580000, 0x00000000fe980000, 0x0000000100000000)
  eden space 130048K, 100% used [0x00000000f5580000,0x00000000fd480000,0x00000000fd480000)
  from space 10752K, 0% used [0x00000000fd480000,0x00000000fd480000,0x00000000fdf00000)
  to   space 10752K, 0% used [0x00000000fdf00000,0x00000000fdf00000,0x00000000fe980000)
 ParOldGen       total 175104K, used 12792K [0x00000000e0000000, 0x00000000eab00000, 0x00000000f5580000)
  object space 175104K, 7% used [0x00000000e0000000,0x00000000e0c7e030,0x00000000eab00000)
 Metaspace       used 29314K, capacity 30802K, committed 30848K, reserved 1075200K
  class space    used 4394K, capacity 4707K, committed 4736K, reserved 1048576K
Event: 46.593 GC heap after
Heap after GC invocations=5 (full 1):
 PSYoungGen      total 140800K, used 10720K [0x00000000f5580000, 0x0000000100000000, 0x0000000100000000)
  eden space 130048K, 0% used [0x00000000f5580000,0x00000000f5580000,0x00000000fd480000)
  from space 10752K, 99% used [0x00000000fdf00000,0x00000000fe978080,0x00000000fe980000)
  to   space 10752K, 0% used [0x00000000fd480000,0x00000000fd480000,0x00000000fdf00000)
 ParOldGen       total 175104K, used 12916K [0x00000000e0000000, 0x00000000eab00000, 0x00000000f5580000)
  object space 175104K, 7% used [0x00000000e0000000,0x00000000e0c9d288,0x00000000eab00000)
 Metaspace       used 29314K, capacity 30802K, committed 30848K, reserved 1075200K
  class space    used 4394K, capacity 4707K, committed 4736K, reserved 1048576K
}
Event: 49.268 GC heap before
{Heap before GC invocations=6 (full 1):
 PSYoungGen      total 140800K, used 44234K [0x00000000f5580000, 0x0000000100000000, 0x0000000100000000)
  eden space 130048K, 25% used [0x00000000f5580000,0x00000000f763a7f0,0x00000000fd480000)
  from space 10752K, 99% used [0x00000000fdf00000,0x00000000fe978080,0x00000000fe980000)
  to   space 10752K, 0% used [0x00000000fd480000,0x00000000fd480000,0x00000000fdf00000)
 ParOldGen       total 175104K, used 12916K [0x00000000e0000000, 0x00000000eab00000, 0x00000000f5580000)
  object space 175104K, 7% used [0x00000000e0000000,0x00000000e0c9d288,0x00000000eab00000)
 Metaspace       used 33628K, capacity 35280K, committed 35456K, reserved 1079296K
  class space    used 5033K, capacity 5386K, committed 5504K, reserved 1048576K
Event: 49.288 GC heap after
Heap after GC invocations=6 (full 1):
 PSYoungGen      total 140800K, used 8030K [0x00000000f5580000, 0x0000000100000000, 0x0000000100000000)
  eden space 130048K, 0% used [0x00000000f5580000,0x00000000f5580000,0x00000000fd480000)
  from space 10752K, 74% used [0x00000000fd480000,0x00000000fdc57a58,0x00000000fdf00000)
  to   space 14336K, 0% used [0x00000000ff200000,0x00000000ff200000,0x0000000100000000)
 ParOldGen       total 175104K, used 12924K [0x00000000e0000000, 0x00000000eab00000, 0x00000000f5580000)
  object space 175104K, 7% used [0x00000000e0000000,0x00000000e0c9f288,0x00000000eab00000)
 Metaspace       used 33628K, capacity 35280K, committed 35456K, reserved 1079296K
  class space    used 5033K, capacity 5386K, committed 5504K, reserved 1048576K
}
Event: 49.288 GC heap before
{Heap before GC invocations=7 (full 2):
 PSYoungGen      total 140800K, used 8030K [0x00000000f5580000, 0x0000000100000000, 0x0000000100000000)
  eden space 130048K, 0% used [0x00000000f5580000,0x00000000f5580000,0x00000000fd480000)
  from space 10752K, 74% used [0x00000000fd480000,0x00000000fdc57a58,0x00000000fdf00000)
  to   space 14336K, 0% used [0x00000000ff200000,0x00000000ff200000,0x0000000100000000)
 ParOldGen       total 175104K, used 12924K [0x00000000e0000000, 0x00000000eab00000, 0x00000000f5580000)
  object space 175104K, 7% used [0x00000000e0000000,0x00000000e0c9f288,0x00000000eab00000)
 Metaspace       used 33628K, capacity 35280K, committed 35456K, reserved 1079296K
  class space    used 5033K, capacity 5386K, committed 5504K, reserved 1048576K
Event: 49.467 GC heap after
Heap after GC invocations=7 (full 2):
 PSYoungGen      total 140800K, used 0K [0x00000000f5580000, 0x0000000100000000, 0x0000000100000000)
  eden space 130048K, 0% used [0x00000000f5580000,0x00000000f5580000,0x00000000fd480000)
  from space 10752K, 0% used [0x00000000fd480000,0x00000000fd480000,0x00000000fdf00000)
  to   space 14336K, 0% used [0x00000000ff200000,0x00000000ff200000,0x0000000100000000)
 ParOldGen       total 203264K, used 14792K [0x00000000e0000000, 0x00000000ec680000, 0x00000000f5580000)
  object space 203264K, 7% used [0x00000000e0000000,0x00000000e0e72190,0x00000000ec680000)
 Metaspace       used 33628K, capacity 35280K, committed 35456K, reserved 1079296K
  class space    used 5033K, capacity 5386K, committed 5504K, reserved 1048576K
}

